c:\users\natalie\desktop\git code\packs\ccpack-pc-skyrimae\source\dll\skse64\x64\debug_vc142\vc142.pdb
c:\users\natalie\desktop\git code\packs\ccpack-pc-skyrimae\source\dll\skse64\x64\debug_vc142\vc142.idb
c:\users\natalie\desktop\git code\packs\ccpack-pc-skyrimae\source\dll\skse64\x64\debug_vc142\gamestreams.obj
c:\users\natalie\desktop\git code\packs\ccpack-pc-skyrimae\source\dll\skse64\x64\debug_vc142\gamesettings.obj
c:\users\natalie\desktop\git code\packs\ccpack-pc-skyrimae\source\dll\skse64\x64\debug_vc142\gamertti.obj
c:\users\natalie\desktop\git code\packs\ccpack-pc-skyrimae\source\dll\skse64\x64\debug_vc142\gameresources.obj
c:\users\natalie\desktop\git code\packs\ccpack-pc-skyrimae\source\dll\skse64\x64\debug_vc142\gamereferences.obj
c:\users\natalie\desktop\git code\packs\ccpack-pc-skyrimae\source\dll\skse64\x64\debug_vc142\gameobjects.obj
c:\users\natalie\desktop\git code\packs\ccpack-pc-skyrimae\source\dll\skse64\x64\debug_vc142\gamemenus.obj
c:\users\natalie\desktop\git code\packs\ccpack-pc-skyrimae\source\dll\skse64\x64\debug_vc142\gameinput.obj
c:\users\natalie\desktop\git code\packs\ccpack-pc-skyrimae\source\dll\skse64\x64\debug_vc142\gamehandlers.obj
c:\users\natalie\desktop\git code\packs\ccpack-pc-skyrimae\source\dll\skse64\x64\debug_vc142\gameforms.obj
c:\users\natalie\desktop\git code\packs\ccpack-pc-skyrimae\source\dll\skse64\x64\debug_vc142\gameformcomponents.obj
c:\users\natalie\desktop\git code\packs\ccpack-pc-skyrimae\source\dll\skse64\x64\debug_vc142\gameextradata.obj
c:\users\natalie\desktop\git code\packs\ccpack-pc-skyrimae\source\dll\skse64\x64\debug_vc142\gameevents.obj
c:\users\natalie\desktop\git code\packs\ccpack-pc-skyrimae\source\dll\skse64\x64\debug_vc142\gamedata.obj
c:\users\natalie\desktop\git code\packs\ccpack-pc-skyrimae\source\dll\skse64\x64\debug_vc142\gamecamera.obj
c:\users\natalie\desktop\git code\packs\ccpack-pc-skyrimae\source\dll\skse64\x64\debug_vc142\gamebsextradata.obj
c:\users\natalie\desktop\git code\packs\ccpack-pc-skyrimae\source\dll\skse64\x64\debug_vc142\gameapi.obj
c:\users\natalie\desktop\git code\packs\ccpack-pc-skyrimae\source\dll\skse64\x64\debug_vc142\custommenu.obj
c:\users\natalie\desktop\git code\packs\ccpack-pc-skyrimae\source\dll\skse64\x64\debug_vc142\colors.obj
c:\users\natalie\desktop\git code\packs\ccpack-pc-skyrimae\source\dll\skse64\x64\debug_vc142\bsmodeldb.obj
c:\users\natalie\desktop\git code\packs\ccpack-pc-skyrimae\source\dll\skse64\x64\debug_vc142\hooks_ui.obj
c:\users\natalie\desktop\git code\packs\ccpack-pc-skyrimae\source\dll\skse64\x64\debug_vc142\hooks_threads.obj
c:\users\natalie\desktop\git code\packs\ccpack-pc-skyrimae\source\dll\skse64\x64\debug_vc142\hooks_scaleform.obj
c:\users\natalie\desktop\git code\packs\ccpack-pc-skyrimae\source\dll\skse64\x64\debug_vc142\hooks_saveload.obj
c:\users\natalie\desktop\git code\packs\ccpack-pc-skyrimae\source\dll\skse64\x64\debug_vc142\hooks_papyrus.obj
c:\users\natalie\desktop\git code\packs\ccpack-pc-skyrimae\source\dll\skse64\x64\debug_vc142\hooks_obscript.obj
c:\users\natalie\desktop\git code\packs\ccpack-pc-skyrimae\source\dll\skse64\x64\debug_vc142\hooks_netimmerse.obj
c:\users\natalie\desktop\git code\packs\ccpack-pc-skyrimae\source\dll\skse64\x64\debug_vc142\hooks_handlers.obj
c:\users\natalie\desktop\git code\packs\ccpack-pc-skyrimae\source\dll\skse64\x64\debug_vc142\hooks_gameplay.obj
c:\users\natalie\desktop\git code\packs\ccpack-pc-skyrimae\source\dll\skse64\x64\debug_vc142\hooks_event.obj
c:\users\natalie\desktop\git code\packs\ccpack-pc-skyrimae\source\dll\skse64\x64\debug_vc142\hooks_directinput8create.obj
c:\users\natalie\desktop\git code\packs\ccpack-pc-skyrimae\source\dll\skse64\x64\debug_vc142\hooks_diagnostics.obj
c:\users\natalie\desktop\git code\packs\ccpack-pc-skyrimae\source\dll\skse64\x64\debug_vc142\hooks_debug.obj
c:\users\natalie\desktop\git code\packs\ccpack-pc-skyrimae\source\dll\skse64\x64\debug_vc142\hooks_data.obj
c:\users\natalie\desktop\git code\packs\ccpack-pc-skyrimae\source\dll\skse64\x64\debug_vc142\hooks_camera.obj
c:\users\natalie\desktop\git code\packs\ccpack-pc-skyrimae\source\dll\skse64\x64\debug_vc142\hashutil.obj
c:\users\natalie\desktop\git code\packs\ccpack-pc-skyrimae\source\dll\skse64\x64\debug_vc142\globallocks.obj
c:\users\natalie\desktop\git code\packs\ccpack-pc-skyrimae\source\dll\skse64\x64\debug_vc142\gameutilities.obj
c:\users\natalie\desktop\git code\packs\ccpack-pc-skyrimae\source\dll\skse64\x64\debug_vc142\gametypes.obj
c:\users\natalie\desktop\git code\packs\ccpack-pc-skyrimae\source\dll\skse64\x64\debug_vc142\gamethreads.obj
c:\users\natalie\desktop\git code\packs\ccpack-pc-skyrimae\source\dll\skse64\x64\debug_vc142\papyrusactor.obj
c:\users\natalie\desktop\git code\packs\ccpack-pc-skyrimae\source\dll\skse64\x64\debug_vc142\papyrusactivemagiceffect.obj
c:\users\natalie\desktop\git code\packs\ccpack-pc-skyrimae\source\dll\skse64\x64\debug_vc142\obscript.obj
c:\users\natalie\desktop\git code\packs\ccpack-pc-skyrimae\source\dll\skse64\x64\debug_vc142\nitypes.obj
c:\users\natalie\desktop\git code\packs\ccpack-pc-skyrimae\source\dll\skse64\x64\debug_vc142\nitextures.obj
c:\users\natalie\desktop\git code\packs\ccpack-pc-skyrimae\source\dll\skse64\x64\debug_vc142\niserialization.obj
c:\users\natalie\desktop\git code\packs\ccpack-pc-skyrimae\source\dll\skse64\x64\debug_vc142\nirtti.obj
c:\users\natalie\desktop\git code\packs\ccpack-pc-skyrimae\source\dll\skse64\x64\debug_vc142\nirenderer.obj
c:\users\natalie\desktop\git code\packs\ccpack-pc-skyrimae\source\dll\skse64\x64\debug_vc142\niproperties.obj
c:\users\natalie\desktop\git code\packs\ccpack-pc-skyrimae\source\dll\skse64\x64\debug_vc142\niobjects.obj
c:\users\natalie\desktop\git code\packs\ccpack-pc-skyrimae\source\dll\skse64\x64\debug_vc142\ninodes.obj
c:\users\natalie\desktop\git code\packs\ccpack-pc-skyrimae\source\dll\skse64\x64\debug_vc142\nimaterial.obj
c:\users\natalie\desktop\git code\packs\ccpack-pc-skyrimae\source\dll\skse64\x64\debug_vc142\nilight.obj
c:\users\natalie\desktop\git code\packs\ccpack-pc-skyrimae\source\dll\skse64\x64\debug_vc142\nigeometry.obj
c:\users\natalie\desktop\git code\packs\ccpack-pc-skyrimae\source\dll\skse64\x64\debug_vc142\niextradata.obj
c:\users\natalie\desktop\git code\packs\ccpack-pc-skyrimae\source\dll\skse64\x64\debug_vc142\nicontrollers.obj
c:\users\natalie\desktop\git code\packs\ccpack-pc-skyrimae\source\dll\skse64\x64\debug_vc142\niadditionalgeometrydata.obj
c:\users\natalie\desktop\git code\packs\ccpack-pc-skyrimae\source\dll\skse64\x64\debug_vc142\internaltasks.obj
c:\users\natalie\desktop\git code\packs\ccpack-pc-skyrimae\source\dll\skse64\x64\debug_vc142\internalserialization.obj
c:\users\natalie\desktop\git code\packs\ccpack-pc-skyrimae\source\dll\skse64\x64\debug_vc142\inputmap.obj
c:\users\natalie\desktop\git code\packs\ccpack-pc-skyrimae\source\dll\skse64\x64\debug_vc142\papyrusevents.obj
c:\users\natalie\desktop\git code\packs\ccpack-pc-skyrimae\source\dll\skse64\x64\debug_vc142\papyrusequipslot.obj
c:\users\natalie\desktop\git code\packs\ccpack-pc-skyrimae\source\dll\skse64\x64\debug_vc142\papyrusenchantment.obj
c:\users\natalie\desktop\git code\packs\ccpack-pc-skyrimae\source\dll\skse64\x64\debug_vc142\papyrusdelayfunctors.obj
c:\users\natalie\desktop\git code\packs\ccpack-pc-skyrimae\source\dll\skse64\x64\debug_vc142\papyrusdefaultobjectmanager.obj
c:\users\natalie\desktop\git code\packs\ccpack-pc-skyrimae\source\dll\skse64\x64\debug_vc142\papyrusconstructibleobject.obj
c:\users\natalie\desktop\git code\packs\ccpack-pc-skyrimae\source\dll\skse64\x64\debug_vc142\papyruscombatstyle.obj
c:\users\natalie\desktop\git code\packs\ccpack-pc-skyrimae\source\dll\skse64\x64\debug_vc142\papyruscolorform.obj
c:\users\natalie\desktop\git code\packs\ccpack-pc-skyrimae\source\dll\skse64\x64\debug_vc142\papyrusclass.obj
c:\users\natalie\desktop\git code\packs\ccpack-pc-skyrimae\source\dll\skse64\x64\debug_vc142\papyruscell.obj
c:\users\natalie\desktop\git code\packs\ccpack-pc-skyrimae\source\dll\skse64\x64\debug_vc142\papyruscamera.obj
c:\users\natalie\desktop\git code\packs\ccpack-pc-skyrimae\source\dll\skse64\x64\debug_vc142\papyrusbook.obj
c:\users\natalie\desktop\git code\packs\ccpack-pc-skyrimae\source\dll\skse64\x64\debug_vc142\papyrusart.obj
c:\users\natalie\desktop\git code\packs\ccpack-pc-skyrimae\source\dll\skse64\x64\debug_vc142\papyrusarmoraddon.obj
c:\users\natalie\desktop\git code\packs\ccpack-pc-skyrimae\source\dll\skse64\x64\debug_vc142\papyrusarmor.obj
c:\users\natalie\desktop\git code\packs\ccpack-pc-skyrimae\source\dll\skse64\x64\debug_vc142\papyrusargs.obj
c:\users\natalie\desktop\git code\packs\ccpack-pc-skyrimae\source\dll\skse64\x64\debug_vc142\papyrusammo.obj
c:\users\natalie\desktop\git code\packs\ccpack-pc-skyrimae\source\dll\skse64\x64\debug_vc142\papyrusalias.obj
c:\users\natalie\desktop\git code\packs\ccpack-pc-skyrimae\source\dll\skse64\x64\debug_vc142\papyrusactorvalueinfo.obj
c:\users\natalie\desktop\git code\packs\ccpack-pc-skyrimae\source\dll\skse64\x64\debug_vc142\papyrusactorbase.obj
c:\users\natalie\desktop\git code\packs\ccpack-pc-skyrimae\source\dll\skse64\x64\debug_vc142\papyrusnetimmerse.obj
c:\users\natalie\desktop\git code\packs\ccpack-pc-skyrimae\source\dll\skse64\x64\debug_vc142\papyrusnativefunctions.obj
c:\users\natalie\desktop\git code\packs\ccpack-pc-skyrimae\source\dll\skse64\x64\debug_vc142\papyrusmodevent.obj
c:\users\natalie\desktop\git code\packs\ccpack-pc-skyrimae\source\dll\skse64\x64\debug_vc142\papyrusmisc.obj
c:\users\natalie\desktop\git code\packs\ccpack-pc-skyrimae\source\dll\skse64\x64\debug_vc142\papyrusmath.obj
c:\users\natalie\desktop\git code\packs\ccpack-pc-skyrimae\source\dll\skse64\x64\debug_vc142\papyrusmagiceffect.obj
c:\users\natalie\desktop\git code\packs\ccpack-pc-skyrimae\source\dll\skse64\x64\debug_vc142\papyruslocation.obj
c:\users\natalie\desktop\git code\packs\ccpack-pc-skyrimae\source\dll\skse64\x64\debug_vc142\papyrusleveledspell.obj
c:\users\natalie\desktop\git code\packs\ccpack-pc-skyrimae\source\dll\skse64\x64\debug_vc142\papyrusleveleditem.obj
c:\users\natalie\desktop\git code\packs\ccpack-pc-skyrimae\source\dll\skse64\x64\debug_vc142\papyrusleveledactor.obj
c:\users\natalie\desktop\git code\packs\ccpack-pc-skyrimae\source\dll\skse64\x64\debug_vc142\papyruskeyword.obj
c:\users\natalie\desktop\git code\packs\ccpack-pc-skyrimae\source\dll\skse64\x64\debug_vc142\papyrusinput.obj
c:\users\natalie\desktop\git code\packs\ccpack-pc-skyrimae\source\dll\skse64\x64\debug_vc142\papyrusingredient.obj
c:\users\natalie\desktop\git code\packs\ccpack-pc-skyrimae\source\dll\skse64\x64\debug_vc142\papyrusheadpart.obj
c:\users\natalie\desktop\git code\packs\ccpack-pc-skyrimae\source\dll\skse64\x64\debug_vc142\papyrusgamedata.obj
c:\users\natalie\desktop\git code\packs\ccpack-pc-skyrimae\source\dll\skse64\x64\debug_vc142\papyrusgame.obj
c:\users\natalie\desktop\git code\packs\ccpack-pc-skyrimae\source\dll\skse64\x64\debug_vc142\papyrusformlist.obj
c:\users\natalie\desktop\git code\packs\ccpack-pc-skyrimae\source\dll\skse64\x64\debug_vc142\papyrusform.obj
c:\users\natalie\desktop\git code\packs\ccpack-pc-skyrimae\source\dll\skse64\x64\debug_vc142\papyrusflora.obj
c:\users\natalie\desktop\git code\packs\ccpack-pc-skyrimae\source\dll\skse64\x64\debug_vc142\papyrusfaction.obj
c:\users\natalie\desktop\git code\packs\ccpack-pc-skyrimae\source\dll\skse64\x64\debug_vc142\papyrusutility.obj
c:\users\natalie\desktop\git code\packs\ccpack-pc-skyrimae\source\dll\skse64\x64\debug_vc142\papyrusuicallback.obj
c:\users\natalie\desktop\git code\packs\ccpack-pc-skyrimae\source\dll\skse64\x64\debug_vc142\papyrusui.obj
c:\users\natalie\desktop\git code\packs\ccpack-pc-skyrimae\source\dll\skse64\x64\debug_vc142\papyrustree.obj
c:\users\natalie\desktop\git code\packs\ccpack-pc-skyrimae\source\dll\skse64\x64\debug_vc142\papyrustextureset.obj
c:\users\natalie\desktop\git code\packs\ccpack-pc-skyrimae\source\dll\skse64\x64\debug_vc142\papyrusstringutil.obj
c:\users\natalie\desktop\git code\packs\ccpack-pc-skyrimae\source\dll\skse64\x64\debug_vc142\papyrusspell.obj
c:\users\natalie\desktop\git code\packs\ccpack-pc-skyrimae\source\dll\skse64\x64\debug_vc142\papyrusspawnertask.obj
c:\users\natalie\desktop\git code\packs\ccpack-pc-skyrimae\source\dll\skse64\x64\debug_vc142\papyrussounddescriptor.obj
c:\users\natalie\desktop\git code\packs\ccpack-pc-skyrimae\source\dll\skse64\x64\debug_vc142\papyrussound.obj
c:\users\natalie\desktop\git code\packs\ccpack-pc-skyrimae\source\dll\skse64\x64\debug_vc142\papyrusskse.obj
c:\users\natalie\desktop\git code\packs\ccpack-pc-skyrimae\source\dll\skse64\x64\debug_vc142\papyrusshout.obj
c:\users\natalie\desktop\git code\packs\ccpack-pc-skyrimae\source\dll\skse64\x64\debug_vc142\papyrusscroll.obj
c:\users\natalie\desktop\git code\packs\ccpack-pc-skyrimae\source\dll\skse64\x64\debug_vc142\papyrusreferencealias.obj
c:\users\natalie\desktop\git code\packs\ccpack-pc-skyrimae\source\dll\skse64\x64\debug_vc142\papyrusrace.obj
c:\users\natalie\desktop\git code\packs\ccpack-pc-skyrimae\source\dll\skse64\x64\debug_vc142\papyrusquest.obj
c:\users\natalie\desktop\git code\packs\ccpack-pc-skyrimae\source\dll\skse64\x64\debug_vc142\papyruspotion.obj
c:\users\natalie\desktop\git code\packs\ccpack-pc-skyrimae\source\dll\skse64\x64\debug_vc142\papyrusperk.obj
c:\users\natalie\desktop\git code\packs\ccpack-pc-skyrimae\source\dll\skse64\x64\debug_vc142\papyrusobjects.obj
c:\users\natalie\desktop\git code\packs\ccpack-pc-skyrimae\source\dll\skse64\x64\debug_vc142\papyrusobjectreference.obj
c:\users\natalie\desktop\git code\packs\ccpack-pc-skyrimae\source\dll\skse64\x64\debug_vc142\translation.obj
c:\users\natalie\desktop\git code\packs\ccpack-pc-skyrimae\source\dll\skse64\x64\debug_vc142\papyrusinterfaces.obj
c:\users\natalie\desktop\git code\packs\ccpack-pc-skyrimae\source\dll\skse64\x64\debug_vc142\skse64.obj
c:\users\natalie\desktop\git code\packs\ccpack-pc-skyrimae\source\dll\skse64\x64\debug_vc142\serialization.obj
c:\users\natalie\desktop\git code\packs\ccpack-pc-skyrimae\source\dll\skse64\x64\debug_vc142\scaleformvm.obj
c:\users\natalie\desktop\git code\packs\ccpack-pc-skyrimae\source\dll\skse64\x64\debug_vc142\scaleformvalue.obj
c:\users\natalie\desktop\git code\packs\ccpack-pc-skyrimae\source\dll\skse64\x64\debug_vc142\scaleformtypes.obj
c:\users\natalie\desktop\git code\packs\ccpack-pc-skyrimae\source\dll\skse64\x64\debug_vc142\scaleformstate.obj
c:\users\natalie\desktop\git code\packs\ccpack-pc-skyrimae\source\dll\skse64\x64\debug_vc142\scaleformmovie.obj
c:\users\natalie\desktop\git code\packs\ccpack-pc-skyrimae\source\dll\skse64\x64\debug_vc142\scaleformloader.obj
c:\users\natalie\desktop\git code\packs\ccpack-pc-skyrimae\source\dll\skse64\x64\debug_vc142\scaleformextendeddata.obj
c:\users\natalie\desktop\git code\packs\ccpack-pc-skyrimae\source\dll\skse64\x64\debug_vc142\scaleformcallbacks.obj
c:\users\natalie\desktop\git code\packs\ccpack-pc-skyrimae\source\dll\skse64\x64\debug_vc142\scaleformapi.obj
c:\users\natalie\desktop\git code\packs\ccpack-pc-skyrimae\source\dll\skse64\x64\debug_vc142\pluginmanager.obj
c:\users\natalie\desktop\git code\packs\ccpack-pc-skyrimae\source\dll\skse64\x64\debug_vc142\papyruswornobject.obj
c:\users\natalie\desktop\git code\packs\ccpack-pc-skyrimae\source\dll\skse64\x64\debug_vc142\papyrusweather.obj
c:\users\natalie\desktop\git code\packs\ccpack-pc-skyrimae\source\dll\skse64\x64\debug_vc142\papyrusweapon.obj
c:\users\natalie\desktop\git code\packs\ccpack-pc-skyrimae\source\dll\skse64\x64\debug_vc142\papyrusvm.obj
c:\users\natalie\desktop\git code\packs\ccpack-pc-skyrimae\source\dll\skse64\x64\debug_vc142\papyrusvalue.obj
c:\users\natalie\desktop\git code\packs\ccpack-pc-skyrimae\source\dll\skse64\x64\debug_vc142\skse64_1_6_323.ilk
c:\users\natalie\desktop\git code\packs\ccpack-pc-skyrimae\source\dll\x64\debug_vc142\skse64_1_6_323.dll
c:\users\natalie\desktop\git code\packs\ccpack-pc-skyrimae\source\dll\x64\debug_vc142\skse64_1_6_323.pdb
c:\users\natalie\desktop\git code\packs\ccpack-pc-skyrimae\source\dll\skse64\x64\debug_vc142\skse_version.res
c:\users\natalie\desktop\git code\packs\ccpack-pc-skyrimae\source\dll\skse64\x64\debug_vc142\skse64.tlog\cl.command.1.tlog
c:\users\natalie\desktop\git code\packs\ccpack-pc-skyrimae\source\dll\skse64\x64\debug_vc142\skse64.tlog\cl.read.1.tlog
c:\users\natalie\desktop\git code\packs\ccpack-pc-skyrimae\source\dll\skse64\x64\debug_vc142\skse64.tlog\cl.write.1.tlog
c:\users\natalie\desktop\git code\packs\ccpack-pc-skyrimae\source\dll\skse64\x64\debug_vc142\skse64.tlog\link.command.1.tlog
c:\users\natalie\desktop\git code\packs\ccpack-pc-skyrimae\source\dll\skse64\x64\debug_vc142\skse64.tlog\link.read.1.tlog
c:\users\natalie\desktop\git code\packs\ccpack-pc-skyrimae\source\dll\skse64\x64\debug_vc142\skse64.tlog\link.write.1.tlog
c:\users\natalie\desktop\git code\packs\ccpack-pc-skyrimae\source\dll\skse64\x64\debug_vc142\skse64.tlog\rc.command.1.tlog
c:\users\natalie\desktop\git code\packs\ccpack-pc-skyrimae\source\dll\skse64\x64\debug_vc142\skse64.tlog\rc.read.1.tlog
c:\users\natalie\desktop\git code\packs\ccpack-pc-skyrimae\source\dll\skse64\x64\debug_vc142\skse64.tlog\rc.write.1.tlog
